Отклонённые исправления для /Volumes/Store1/Yandex.Disk.localized/www-yandex/piskulin/workspace/processing/dcce8dca-5a75-4421-bb0d-da9ad37a4419/TypografProcessorModule/output_temp_typograf.html:
Всего отклонено: 9

1. Оригинал: 'вокабуляр' -> Предложено: 'вокабул яр'
   Причина: Автоматически отклонено (категория: имена_собственные)
   Смещение: 22207, Длина: 9

2. Оригинал: 'шансонного' -> Предложено: 'шан сонного'
   Причина: Автоматически отклонено (категория: имена_собственные)
   Смещение: 20959, Длина: 10

3. Оригинал: 'Послоняемся' -> Предложено: 'По слоняемся'
   Причина: Автоматически отклонено (категория: имена_собственные)
   Смещение: 16064, Длина: 11

4. Оригинал: 'сосисочек' -> Предложено: 'сосисочен'
   Причина: Автоматически отклонено (категория: имена_собственные)
   Смещение: 15049, Длина: 9

5. Оригинал: 'Юбды' -> Предложено: 'Абды'
   Причина: Автоматически отклонено (категория: имена_собственные)
   Смещение: 13343, Длина: 4

6. Оригинал: 'Черона́с' -> Предложено: 'Пронаос'
   Причина: Автоматически отклонено (категория: имена_собственные)
   Смещение: 11806, Длина: 8

7. Оригинал: 'Юбде' -> Предложено: 'Абди'
   Причина: Автоматически отклонено (категория: имена_собственные)
   Смещение: 10931, Длина: 4

8. Оригинал: 'Юбды' -> Предложено: 'Абды'
   Причина: Автоматически отклонено (категория: имена_собственные)
   Смещение: 10437, Длина: 4

9. Оригинал: 'посопротивлялась' -> Предложено: 'по сопротивлялась'
   Причина: Автоматически отклонено (категория: имена_собственные)
   Смещение: 8121, Длина: 16

