2025-05-23 13:47:26 - Начало обработки файла src/на эксперимент по проверке.docx
2025-05-23 13:47:26 - Шаг 1: Конвертация DOCX в HTML
2025-05-23 13:47:27 - HTML файл создан: reports/на эксперимент по проверке/на эксперимент по проверке.html
2025-05-23 13:47:27 - Шаг 2: Проверка текста с помощью LanguageTool
2025-05-23 13:47:34 - Отчет LanguageTool создан: reports/на эксперимент по проверке/на эксперимент по проверке_languagetool_report.json
2025-05-23 13:47:34 - Шаг 3: Автоматическое исправление ошибок на основе отчета LanguageTool
2025-05-23 13:47:35 - HTML файл исправлен
2025-05-23 13:47:35 - Шаг 4: Конвертация HTML в Markdown для типографики
2025-05-23 13:47:35 - Markdown файл создан: reports/на эксперимент по проверке/на эксперимент по проверке.md
2025-05-23 13:47:35 - Шаг 5: Применение типографики к Markdown
2025-05-23 13:47:35 - Типографицированный Markdown файл создан: reports/на эксперимент по проверке/на эксперимент по проверке.typograf.md
2025-05-23 13:47:35 - Шаг 6: Конвертация Markdown обратно в HTML
2025-05-23 13:47:36 - Финальный HTML файл создан: reports/на эксперимент по проверке/на эксперимент по проверке_processed.html
2025-05-23 13:47:36 - Обработка файла src/на эксперимент по проверке.docx завершена успешно
2025-05-23 15:11:32 - Начало обработки файла src/Проверка 2.docx
2025-05-23 15:11:32 - Шаг 1: Конвертация DOCX в HTML
2025-05-23 15:11:33 - HTML файл создан: reports/Проверка 2/Проверка 2.html
2025-05-23 15:11:33 - Шаг 2: Проверка текста с помощью LanguageTool
2025-05-23 15:11:41 - Отчет LanguageTool создан: reports/Проверка 2/Проверка 2_languagetool_report.json
2025-05-23 15:11:41 - Шаг 3: Автоматическое исправление ошибок на основе отчета LanguageTool
2025-05-23 15:11:41 - HTML файл исправлен
2025-05-23 15:11:41 - Шаг 5: Применение типографики к HTML
2025-05-23 15:11:42 - Типографицированный HTML файл создан: reports/Проверка 2/Проверка 2.typograf.html
2025-05-23 15:11:42 - Шаг 6: Конвертация типографицированного HTML в Markdown
2025-05-23 15:11:42 - Markdown файл создан: reports/Проверка 2/Проверка 2.typograf.md
2025-05-23 15:11:42 - Шаг 7: Конвертация Markdown обратно в HTML
2025-05-23 15:11:42 - Финальный HTML файл создан: reports/Проверка 2/Проверка 2_processed.html
2025-05-23 15:11:42 - Обработка файла src/Проверка 2.docx завершена успешно
2025-05-23 15:19:26 - Начало обработки файла src/Проверка 2.docx
2025-05-23 15:19:26 - Шаг 1: Конвертация DOCX в HTML
2025-05-23 15:19:27 - HTML файл создан: reports/Проверка 2/Проверка 2.html
2025-05-23 15:19:27 - Шаг 2: Проверка текста с помощью LanguageTool
2025-05-23 15:19:30 - Отчет LanguageTool создан: reports/Проверка 2/Проверка 2_languagetool_report.json
2025-05-23 15:19:30 - Шаг 3: Автоматическое исправление ошибок на основе отчета LanguageTool
2025-05-23 15:19:30 - HTML файл исправлен
2025-05-23 15:19:30 - Шаг 4: Добавление табуляции перед каждым <p>
2025-05-23 15:19:30 - HTML с табуляцией создан: reports/Проверка 2/Проверка 2.tabbed.html
2025-05-23 15:19:30 - Шаг 5: Применение типографики к HTML
2025-05-23 15:19:31 - Типографицированный HTML файл создан: reports/Проверка 2/Проверка 2.typograf.html
2025-05-23 15:19:31 - Шаг 6: Конвертация типографицированного HTML в Markdown
2025-05-23 15:19:31 - Markdown файл создан: reports/Проверка 2/Проверка 2.typograf.md
2025-05-23 15:19:31 - Шаг 7: Конвертация Markdown обратно в HTML
2025-05-23 15:19:31 - Финальный HTML файл создан: reports/Проверка 2/Проверка 2_processed.html
2025-05-23 15:19:31 - Обработка файла src/Проверка 2.docx завершена успешно
2025-05-23 15:40:18 - Начало обработки файла src/Проверка 2.docx
2025-05-23 15:40:18 - Шаг 1: Конвертация DOCX в HTML
2025-05-23 15:40:18 - HTML файл создан: reports/Проверка 2/Проверка 2.html
2025-05-23 15:40:18 - Шаг 2: Проверка текста с помощью LanguageTool
2025-05-23 15:40:22 - Отчет LanguageTool создан: reports/Проверка 2/Проверка 2_languagetool_report.json
2025-05-23 15:40:22 - Шаг 3: Автоматическое исправление ошибок на основе отчета LanguageTool
2025-05-23 15:40:22 - HTML файл исправлен
2025-05-23 15:40:22 - Шаг 4: Добавление табуляции перед каждым <p>
2025-05-23 15:40:22 - HTML с табуляцией создан: reports/Проверка 2/Проверка 2.tabbed.html
2025-05-23 15:40:22 - Шаг 5: Применение типографики к HTML
2025-05-23 15:40:22 - Типографицированный HTML файл создан: reports/Проверка 2/Проверка 2.typograf.html
2025-05-23 15:40:22 - Шаг 6: Конвертация типографицированного HTML в Markdown
2025-05-23 15:40:22 - Markdown файл создан: reports/Проверка 2/Проверка 2.typograf.md
2025-05-23 15:40:22 - Шаг 7: Конвертация Markdown обратно в HTML
2025-05-23 15:40:22 - Финальный HTML файл создан: reports/Проверка 2/Проверка 2_processed.html
2025-05-23 15:40:22 - Обработка файла src/Проверка 2.docx завершена успешно
2025-05-23 15:53:09 - Начало обработки файла src/Проверка 2.docx
2025-05-23 15:53:09 - Шаг 1: Конвертация DOCX в HTML
2025-05-23 15:53:10 - HTML файл создан: reports/Проверка 2/Проверка 2.html
2025-05-23 15:53:10 - Шаг 2: Проверка текста с помощью LanguageTool
2025-05-23 15:53:13 - Отчет LanguageTool создан: reports/Проверка 2/Проверка 2_languagetool_report.json
2025-05-23 15:53:13 - Шаг 3: Автоматическое исправление ошибок на основе отчета LanguageTool
2025-05-23 15:53:13 - HTML файл исправлен
2025-05-23 15:53:13 - Шаг 4: Добавление табуляции перед каждым <p>
2025-05-23 15:53:13 - HTML с табуляцией создан: reports/Проверка 2/Проверка 2.tabbed.html
2025-05-23 15:53:13 - Шаг 5: Применение типографики к HTML
2025-05-23 15:53:14 - Типографицированный HTML файл создан: reports/Проверка 2/Проверка 2.typograf.html
2025-05-23 15:53:14 - Шаг 6: Конвертация типографицированного HTML в Markdown
2025-05-23 15:53:14 - Markdown файл создан: reports/Проверка 2/Проверка 2.typograf.md
2025-05-23 15:53:14 - Шаг 7: Конвертация Markdown обратно в HTML
2025-05-23 15:53:14 - Финальный HTML файл создан: reports/Проверка 2/Проверка 2_processed.html
2025-05-23 15:53:14 - Шаг 8: Конвертация HTML (после типографики) в DOCX
2025-05-23 15:53:14 - ВНИМАНИЕ: Файл tools/reference.docx не найден. DOCX будет создан на основе reports/Проверка 2/Проверка 2.typograf.html со стилями pandoc по умолчанию.
2025-05-23 15:53:14 - Финальный DOCX файл создан на основе reports/Проверка 2/Проверка 2.typograf.html со стилями pandoc по умолчанию: reports/Проверка 2/Проверка 2_final.docx
2025-05-23 15:53:14 - Обработка файла src/Проверка 2.docx завершена успешно
2025-05-23 15:53:14 - Результаты находятся в директории reports/Проверка 2/
2025-05-23 15:53:14 - Исходный HTML: reports/Проверка 2/Проверка 2.html
2025-05-23 15:53:14 - Итоговый обработанный HTML: reports/Проверка 2/Проверка 2_processed.html
2025-05-23 15:53:14 - Итоговый DOCX: reports/Проверка 2/Проверка 2_final.docx
2025-05-23 15:53:14 - Время выполнения скрипта: 1748004794 секунд.
2025-05-23 15:57:10 - Начало обработки файла src/Проверка 2.docx
2025-05-23 15:57:10 - Шаг 1: Конвертация DOCX в HTML
2025-05-23 15:57:10 - HTML файл создан: reports/Проверка 2/Проверка 2.html
2025-05-23 15:57:10 - Шаг 2: Проверка текста с помощью LanguageTool
2025-05-23 15:57:14 - Отчет LanguageTool создан: reports/Проверка 2/Проверка 2_languagetool_report.json
2025-05-23 15:57:14 - Шаг 3: Автоматическое исправление ошибок на основе отчета LanguageTool
2025-05-23 15:57:14 - HTML файл исправлен
2025-05-23 15:57:14 - Шаг 4: Добавление табуляции перед каждым <p>
2025-05-23 15:57:14 - HTML с табуляцией создан: reports/Проверка 2/Проверка 2.tabbed.html
2025-05-23 15:57:14 - Шаг 5: Применение типографики к HTML
2025-05-23 15:57:14 - Типографицированный HTML файл создан: reports/Проверка 2/Проверка 2.typograf.html
2025-05-23 15:57:14 - Шаг 6: Конвертация типографицированного HTML в Markdown
2025-05-23 15:57:14 - Markdown файл создан: reports/Проверка 2/Проверка 2.typograf.md
2025-05-23 15:57:14 - Шаг 7: Конвертация Markdown обратно в HTML
2025-05-23 15:57:14 - Финальный HTML файл создан: reports/Проверка 2/Проверка 2_processed.html
2025-05-23 15:57:14 - Шаг 8: Конвертация HTML (после типографики) в DOCX
2025-05-23 15:57:14 - ВНИМАНИЕ: Файл tools/reference.docx не найден. DOCX будет создан на основе reports/Проверка 2/Проверка 2.typograf.html со стилями pandoc по умолчанию.
2025-05-23 15:57:15 - Финальный DOCX файл создан на основе reports/Проверка 2/Проверка 2.typograf.html со стилями pandoc по умолчанию: reports/Проверка 2/Проверка 2_final.docx
2025-05-23 15:57:15 - Обработка файла src/Проверка 2.docx завершена успешно
2025-05-23 15:57:15 - Результаты находятся в директории reports/Проверка 2/
2025-05-23 15:57:15 - Исходный HTML: reports/Проверка 2/Проверка 2.html
2025-05-23 15:57:15 - Итоговый обработанный HTML: reports/Проверка 2/Проверка 2_processed.html
2025-05-23 15:57:15 - Итоговый DOCX: reports/Проверка 2/Проверка 2_final.docx
2025-05-23 15:57:15 - Время выполнения скрипта: 1748005035 секунд.
2025-05-23 16:19:05 - Начало обработки файла src/Проверка 2.docx
2025-05-23 16:19:05 - Шаг 1: Конвертация DOCX в HTML
2025-05-23 16:19:06 - HTML файл создан: reports/Проверка 2/Проверка 2.html
2025-05-23 16:19:06 - Шаг 2: Проверка текста с помощью LanguageTool
2025-05-23 16:19:11 - Отчет LanguageTool создан: reports/Проверка 2/Проверка 2_languagetool_report.json
2025-05-23 16:19:11 - Шаг 3: Автоматическое исправление ошибок на основе отчета LanguageTool
2025-05-23 16:19:11 - HTML файл исправлен
2025-05-23 16:19:11 - Шаг 4: Добавление табуляции перед каждым <p>
2025-05-23 16:19:11 - HTML с табуляцией создан: reports/Проверка 2/Проверка 2.tabbed.html
2025-05-23 16:19:11 - Шаг 5: Применение типографики к HTML
2025-05-23 16:19:13 - Типографицированный HTML файл создан: reports/Проверка 2/Проверка 2.typograf.html
2025-05-23 16:19:13 - Шаг 5.5: Добавление 8 пробелов в начало каждого <p> в reports/Проверка 2/Проверка 2.typograf.html
2025-05-23 16:19:13 - HTML с 8 пробелами создан: reports/Проверка 2/Проверка 2.spaced_typograf.html
2025-05-23 16:19:13 - Шаг 6: Конвертация типографицированного HTML (уже с пробелами) в Markdown
2025-05-23 16:19:13 - Markdown файл создан: reports/Проверка 2/Проверка 2.typograf.md
2025-05-23 16:19:13 - Шаг 7: Конвертация Markdown обратно в HTML
2025-05-23 16:19:13 - Финальный HTML файл создан: reports/Проверка 2/Проверка 2_processed.html
2025-05-23 16:19:13 - Шаг 8: Конвертация HTML (после типографики, с 8 пробелами) в DOCX
2025-05-23 16:19:13 - Финальный DOCX файл создан на основе reports/Проверка 2/Проверка 2.spaced_typograf.html со стилями pandoc по умолчанию (отступы через 8 пробелов): reports/Проверка 2/Проверка 2_final.docx
2025-05-23 16:19:13 - Обработка файла src/Проверка 2.docx завершена успешно
2025-05-23 16:19:13 - Результаты находятся в директории reports/Проверка 2/
2025-05-23 16:19:13 - Исходный HTML: reports/Проверка 2/Проверка 2.html
2025-05-23 16:19:13 - Итоговый обработанный HTML: reports/Проверка 2/Проверка 2_processed.html
2025-05-23 16:19:13 - Итоговый DOCX: reports/Проверка 2/Проверка 2_final.docx
2025-05-23 16:19:13 - Время выполнения скрипта: 1748006353 секунд.
2025-05-24 16:50:44 - Начало обработки файла src/Проза Артур Другой_Юность.docx
2025-05-24 16:50:44 - Шаг 1: Конвертация DOCX в HTML
2025-05-24 16:50:45 - HTML файл создан: reports/Проза Артур Другой_Юность/Проза Артур Другой_Юность.html
2025-05-24 16:50:45 - Шаг 2: Проверка текста с помощью LanguageTool
2025-05-24 16:50:49 - Отчет LanguageTool создан: reports/Проза Артур Другой_Юность/Проза Артур Другой_Юность_languagetool_report.json
2025-05-24 16:50:49 - Шаг 3: Автоматическое исправление ошибок на основе отчета LanguageTool
2025-05-24 16:50:50 - HTML файл исправлен
2025-05-24 16:50:50 - Шаг 4: Добавление табуляции перед каждым <p>
2025-05-24 16:50:50 - HTML с табуляцией создан: reports/Проза Артур Другой_Юность/Проза Артур Другой_Юность.tabbed.html
2025-05-24 16:50:50 - Шаг 5: Применение типографики к HTML
2025-05-24 16:50:52 - Типографицированный HTML файл создан: reports/Проза Артур Другой_Юность/Проза Артур Другой_Юность.typograf.html
2025-05-24 16:50:52 - Шаг 5.5: Добавление 8 пробелов в начало каждого <p> в reports/Проза Артур Другой_Юность/Проза Артур Другой_Юность.typograf.html
2025-05-24 16:50:52 - HTML с 8 пробелами создан: reports/Проза Артур Другой_Юность/Проза Артур Другой_Юность.spaced_typograf.html
2025-05-24 16:50:52 - Шаг 6: Конвертация типографицированного HTML (уже с пробелами) в Markdown
2025-05-24 16:50:52 - Markdown файл создан: reports/Проза Артур Другой_Юность/Проза Артур Другой_Юность.typograf.md
2025-05-24 16:50:52 - Шаг 7: Конвертация Markdown обратно в HTML
2025-05-24 16:50:52 - Финальный HTML файл создан: reports/Проза Артур Другой_Юность/Проза Артур Другой_Юность_processed.html
2025-05-24 16:50:52 - Шаг 8: Конвертация HTML (после типографики, с 8 пробелами) в DOCX
2025-05-24 16:50:52 - Финальный DOCX файл создан на основе reports/Проза Артур Другой_Юность/Проза Артур Другой_Юность.spaced_typograf.html со стилями pandoc по умолчанию (отступы через 8 пробелов): reports/Проза Артур Другой_Юность/Проза Артур Другой_Юность_final.docx
2025-05-24 16:50:52 - Обработка файла src/Проза Артур Другой_Юность.docx завершена успешно
2025-05-24 16:50:52 - Результаты находятся в директории reports/Проза Артур Другой_Юность/
2025-05-24 16:50:52 - Исходный HTML: reports/Проза Артур Другой_Юность/Проза Артур Другой_Юность.html
2025-05-24 16:50:52 - Итоговый обработанный HTML: reports/Проза Артур Другой_Юность/Проза Артур Другой_Юность_processed.html
2025-05-24 16:50:52 - Итоговый DOCX: reports/Проза Артур Другой_Юность/Проза Артур Другой_Юность_final.docx
2025-05-24 16:50:52 - Время выполнения скрипта: 1748094652 секунд.
2025-05-24 16:53:25 - Начало обработки файла src/Проза Артур Другой_Юность.docx
2025-05-24 16:53:25 - Шаг 1: Конвертация DOCX в HTML
2025-05-24 16:53:25 - HTML файл создан: reports/Проза Артур Другой_Юность/Проза Артур Другой_Юность.html
2025-05-24 16:53:25 - Шаг 2: Проверка текста с помощью LanguageTool
2025-05-24 16:53:29 - Отчет LanguageTool создан: reports/Проза Артур Другой_Юность/Проза Артур Другой_Юность_languagetool_report.json
2025-05-24 16:53:29 - Шаг 3: Автоматическое исправление ошибок на основе отчета LanguageTool
2025-05-24 16:53:29 - HTML файл исправлен
2025-05-24 16:53:29 - Шаг 4: Добавление табуляции перед каждым <p>
2025-05-24 16:53:29 - HTML с табуляцией создан: reports/Проза Артур Другой_Юность/Проза Артур Другой_Юность.tabbed.html
2025-05-24 16:53:29 - Шаг 5: Применение типографики к HTML
2025-05-24 16:53:30 - Типографицированный HTML файл создан: reports/Проза Артур Другой_Юность/Проза Артур Другой_Юность.typograf.html
2025-05-24 16:53:30 - Шаг 5.5: Добавление 8 пробелов в начало каждого <p> в reports/Проза Артур Другой_Юность/Проза Артур Другой_Юность.typograf.html
2025-05-24 16:53:30 - HTML с 8 пробелами создан: reports/Проза Артур Другой_Юность/Проза Артур Другой_Юность.spaced_typograf.html
2025-05-24 16:53:30 - Шаг 6: Конвертация типографицированного HTML (уже с пробелами) в Markdown
2025-05-24 16:53:30 - Markdown файл создан: reports/Проза Артур Другой_Юность/Проза Артур Другой_Юность.typograf.md
2025-05-24 16:53:30 - Шаг 7: Конвертация Markdown обратно в HTML
2025-05-24 16:53:30 - Финальный HTML файл создан: reports/Проза Артур Другой_Юность/Проза Артур Другой_Юность_processed.html
2025-05-24 16:53:30 - Шаг 8: Конвертация HTML (после типографики, с 8 пробелами) в DOCX
2025-05-24 16:53:30 - Финальный DOCX файл создан на основе reports/Проза Артур Другой_Юность/Проза Артур Другой_Юность.spaced_typograf.html со стилями pandoc по умолчанию (отступы через 8 пробелов): reports/Проза Артур Другой_Юность/Проза Артур Другой_Юность_final.docx
2025-05-24 16:53:30 - Обработка файла src/Проза Артур Другой_Юность.docx завершена успешно
2025-05-24 16:53:30 - Результаты находятся в директории reports/Проза Артур Другой_Юность/
2025-05-24 16:53:30 - Исходный HTML: reports/Проза Артур Другой_Юность/Проза Артур Другой_Юность.html
2025-05-24 16:53:30 - Итоговый обработанный HTML: reports/Проза Артур Другой_Юность/Проза Артур Другой_Юность_processed.html
2025-05-24 16:53:30 - Итоговый DOCX: reports/Проза Артур Другой_Юность/Проза Артур Другой_Юность_final.docx
2025-05-24 16:53:30 - Время выполнения скрипта: 1748094810 секунд.
2025-05-24 16:55:50 - Начало обработки файла src/Проза Артур Другой_Юность.docx
2025-05-24 16:55:50 - Шаг 1: Конвертация DOCX в HTML
2025-05-24 16:55:50 - HTML файл создан: reports/Проза Артур Другой_Юность/Проза Артур Другой_Юность.html
2025-05-24 16:55:50 - Шаг 2: Проверка текста с помощью LanguageTool
2025-05-24 16:55:54 - Отчет LanguageTool создан: reports/Проза Артур Другой_Юность/Проза Артур Другой_Юность_languagetool_report.json
2025-05-24 16:55:54 - Шаг 3: Автоматическое исправление ошибок на основе отчета LanguageTool
2025-05-24 16:55:55 - HTML файл исправлен
2025-05-24 16:55:55 - Шаг 4: Добавление табуляции перед каждым <p>
2025-05-24 16:55:55 - HTML с табуляцией создан: reports/Проза Артур Другой_Юность/Проза Артур Другой_Юность.tabbed.html
2025-05-24 16:55:55 - Шаг 5: Применение типографики к HTML
2025-05-24 16:55:55 - Типографицированный HTML файл создан: reports/Проза Артур Другой_Юность/Проза Артур Другой_Юность.typograf.html
2025-05-24 16:55:55 - Шаг 5.5: Добавление 8 пробелов в начало каждого <p> в reports/Проза Артур Другой_Юность/Проза Артур Другой_Юность.typograf.html
2025-05-24 16:55:56 - HTML с 8 пробелами создан: reports/Проза Артур Другой_Юность/Проза Артур Другой_Юность.spaced_typograf.html
2025-05-24 16:55:56 - Шаг 6: Конвертация типографицированного HTML (уже с пробелами) в Markdown
2025-05-24 16:55:56 - Markdown файл создан: reports/Проза Артур Другой_Юность/Проза Артур Другой_Юность.typograf.md
2025-05-24 16:55:56 - Шаг 7: Конвертация Markdown обратно в HTML
2025-05-24 16:55:56 - Финальный HTML файл создан: reports/Проза Артур Другой_Юность/Проза Артур Другой_Юность_processed.html
2025-05-24 16:55:56 - Шаг 8: Конвертация HTML (после типографики, с 8 пробелами) в DOCX
2025-05-24 16:55:56 - Финальный DOCX файл создан на основе reports/Проза Артур Другой_Юность/Проза Артур Другой_Юность.spaced_typograf.html со стилями pandoc по умолчанию (отступы через 8 пробелов): reports/Проза Артур Другой_Юность/Проза Артур Другой_Юность_final.docx
2025-05-24 16:55:56 - Обработка файла src/Проза Артур Другой_Юность.docx завершена успешно
2025-05-24 16:55:56 - Результаты находятся в директории reports/Проза Артур Другой_Юность/
2025-05-24 16:55:56 - Исходный HTML: reports/Проза Артур Другой_Юность/Проза Артур Другой_Юность.html
2025-05-24 16:55:56 - Итоговый обработанный HTML: reports/Проза Артур Другой_Юность/Проза Артур Другой_Юность_processed.html
2025-05-24 16:55:56 - Итоговый DOCX: reports/Проза Артур Другой_Юность/Проза Артур Другой_Юность_final.docx
2025-05-24 16:55:56 - Время выполнения скрипта: 1748094956 секунд.
2025-05-24 16:59:01 - Начало обработки файла src/Проза Артур Другой_Юность.docx
2025-05-24 16:59:01 - Шаг 1: Конвертация DOCX в HTML
2025-05-24 16:59:01 - HTML файл создан: reports/Проза Артур Другой_Юность/Проза Артур Другой_Юность.html
2025-05-24 16:59:01 - Шаг 2: Проверка текста с помощью LanguageTool
2025-05-24 16:59:05 - Отчет LanguageTool создан: reports/Проза Артур Другой_Юность/Проза Артур Другой_Юность_languagetool_report.json
2025-05-24 16:59:05 - Шаг 3: Автоматическое исправление ошибок на основе отчета LanguageTool
2025-05-24 16:59:06 - HTML файл исправлен
2025-05-24 16:59:06 - Шаг 4: Добавление табуляции перед каждым <p>
2025-05-24 16:59:06 - HTML с табуляцией создан: reports/Проза Артур Другой_Юность/Проза Артур Другой_Юность.tabbed.html
2025-05-24 16:59:06 - Шаг 5: Применение типографики к HTML
2025-05-24 16:59:06 - Типографицированный HTML файл создан: reports/Проза Артур Другой_Юность/Проза Артур Другой_Юность.typograf.html
2025-05-24 16:59:06 - Шаг 5.5: Добавление 8 пробелов в начало каждого <p> в reports/Проза Артур Другой_Юность/Проза Артур Другой_Юность.typograf.html
2025-05-24 16:59:06 - HTML с 8 пробелами создан: reports/Проза Артур Другой_Юность/Проза Артур Другой_Юность.spaced_typograf.html
2025-05-24 16:59:06 - Шаг 6: Конвертация типографицированного HTML (уже с пробелами) в Markdown
2025-05-24 16:59:06 - Markdown файл создан: reports/Проза Артур Другой_Юность/Проза Артур Другой_Юность.typograf.md
2025-05-24 16:59:06 - Шаг 7: Конвертация Markdown обратно в HTML
2025-05-24 16:59:07 - Финальный HTML файл создан: reports/Проза Артур Другой_Юность/Проза Артур Другой_Юность_processed.html
2025-05-24 16:59:07 - Шаг 8: Конвертация HTML (после типографики, с 8 пробелами) в DOCX
2025-05-24 16:59:07 - Финальный DOCX файл создан на основе reports/Проза Артур Другой_Юность/Проза Артур Другой_Юность.spaced_typograf.html со стилями pandoc по умолчанию (отступы через 8 пробелов): reports/Проза Артур Другой_Юность/Проза Артур Другой_Юность_final.docx
2025-05-24 16:59:07 - Обработка файла src/Проза Артур Другой_Юность.docx завершена успешно
2025-05-24 16:59:07 - Результаты находятся в директории reports/Проза Артур Другой_Юность/
2025-05-24 16:59:07 - Исходный HTML: reports/Проза Артур Другой_Юность/Проза Артур Другой_Юность.html
2025-05-24 16:59:07 - Итоговый обработанный HTML: reports/Проза Артур Другой_Юность/Проза Артур Другой_Юность_processed.html
2025-05-24 16:59:07 - Итоговый DOCX: reports/Проза Артур Другой_Юность/Проза Артур Другой_Юность_final.docx
2025-05-24 16:59:07 - Время выполнения скрипта: 1748095147 секунд.
2025-05-24 16:59:43 - Начало обработки файла src/Проза Артур Другой_Юность.docx
2025-05-24 16:59:43 - Шаг 1: Конвертация DOCX в HTML
2025-05-24 16:59:43 - HTML файл создан: reports/Проза Артур Другой_Юность/Проза Артур Другой_Юность.html
2025-05-24 16:59:43 - Шаг 2: Проверка текста с помощью LanguageTool
2025-05-24 16:59:47 - Отчет LanguageTool создан: reports/Проза Артур Другой_Юность/Проза Артур Другой_Юность_languagetool_report.json
2025-05-24 16:59:47 - Шаг 3: Автоматическое исправление ошибок на основе отчета LanguageTool
2025-05-24 16:59:47 - HTML файл исправлен
2025-05-24 16:59:47 - Шаг 4: Добавление табуляции перед каждым <p>
2025-05-24 16:59:47 - HTML с табуляцией создан: reports/Проза Артур Другой_Юность/Проза Артур Другой_Юность.tabbed.html
2025-05-24 16:59:47 - Шаг 5: Применение типографики к HTML
2025-05-24 16:59:48 - Типографицированный HTML файл создан: reports/Проза Артур Другой_Юность/Проза Артур Другой_Юность.typograf.html
2025-05-24 16:59:48 - Шаг 5.5: Добавление 8 пробелов в начало каждого <p> в reports/Проза Артур Другой_Юность/Проза Артур Другой_Юность.typograf.html
2025-05-24 16:59:48 - HTML с 8 пробелами создан: reports/Проза Артур Другой_Юность/Проза Артур Другой_Юность.spaced_typograf.html
2025-05-24 16:59:48 - Шаг 6: Конвертация типографицированного HTML (уже с пробелами) в Markdown
2025-05-24 16:59:48 - Markdown файл создан: reports/Проза Артур Другой_Юность/Проза Артур Другой_Юность.typograf.md
2025-05-24 16:59:48 - Шаг 7: Конвертация Markdown обратно в HTML
2025-05-24 16:59:48 - Финальный HTML файл создан: reports/Проза Артур Другой_Юность/Проза Артур Другой_Юность_processed.html
2025-05-24 16:59:48 - Шаг 8: Конвертация HTML (после типографики, с 8 пробелами) в DOCX
2025-05-24 16:59:48 - Финальный DOCX файл создан на основе reports/Проза Артур Другой_Юность/Проза Артур Другой_Юность.spaced_typograf.html со стилями pandoc по умолчанию (отступы через 8 пробелов): reports/Проза Артур Другой_Юность/Проза Артур Другой_Юность_final.docx
2025-05-24 16:59:48 - Обработка файла src/Проза Артур Другой_Юность.docx завершена успешно
2025-05-24 16:59:48 - Результаты находятся в директории reports/Проза Артур Другой_Юность/
2025-05-24 16:59:48 - Исходный HTML: reports/Проза Артур Другой_Юность/Проза Артур Другой_Юность.html
2025-05-24 16:59:48 - Итоговый обработанный HTML: reports/Проза Артур Другой_Юность/Проза Артур Другой_Юность_processed.html
2025-05-24 16:59:48 - Итоговый DOCX: reports/Проза Артур Другой_Юность/Проза Артур Другой_Юность_final.docx
2025-05-24 16:59:48 - Время выполнения скрипта: 1748095188 секунд.
