Отклонённые исправления для /Volumes/Store1/Yandex.Disk.localized/www-yandex/piskulin/workspace/processing/43df8860-7a1a-4005-a244-0aeb40f133ce/TypografProcessorModule/output_temp_typograf.html:
Всего отклонено: 23

1. Оригинал: 'алхимичит' -> Предложено: 'ал химичит'
   Причина: Автоматически отклонено (категория: имена_собственные)
   Смещение: 25004, Длина: 9

2. Оригинал: 'со-зданий' -> Предложено: 'созданий'
   Причина: Автоматически отклонено (категория: имена_собственные)
   Смещение: 24701, Длина: 9

3. Оригинал: 'мейнстримовый' -> Предложено: 'мейнстримом'
   Причина: Автоматически отклонено (категория: имена_собственные)
   Смещение: 20367, Длина: 13

4. Оригинал: 'проспойлерить' -> Предложено: 'про спойлерить'
   Причина: Автоматически отклонено (категория: имена_собственные)
   Смещение: 19997, Длина: 13

5. Оригинал: 'хорроров' -> Предложено: 'хоррор ов'
   Причина: Автоматически отклонено (категория: имена_собственные)
   Смещение: 17370, Длина: 8

6. Оригинал: 'поколенческим' -> Предложено: 'поселенческим'
   Причина: Автоматически отклонено (категория: имена_собственные)
   Смещение: 15350, Длина: 13

7. Оригинал: 'не-людей' -> Предложено: 'нелюдей'
   Причина: Автоматически отклонено (категория: имена_собственные)
   Смещение: 12725, Длина: 8

8. Оригинал: 'по-пушкински' -> Предложено: 'допушкински'
   Причина: Автоматически отклонено (категория: имена_собственные)
   Смещение: 12218, Длина: 12

9. Оригинал: 'отсылочек' -> Предложено: 'отсылочен'
   Причина: Автоматически отклонено (категория: имена_собственные)
   Смещение: 11715, Длина: 9

10. Оригинал: 'гоблинарцы' -> Предложено: 'гоблина рцы'
   Причина: Автоматически отклонено (категория: имена_собственные)
   Смещение: 11637, Длина: 10

11. Оригинал: 'гоблинарцев' -> Предложено: 'гоблин арцев'
   Причина: Автоматически отклонено (категория: имена_собственные)
   Смещение: 11504, Длина: 11

12. Оригинал: 'легендариума' -> Предложено: 'легендарному'
   Причина: Автоматически отклонено (категория: имена_собственные)
   Смещение: 11214, Длина: 12

13. Оригинал: ', как угодно' -> Предложено: ' как угодно'
   Причина: Автоматически отклонено (категория: имена_собственные)
   Смещение: 9587, Длина: 12

14. Оригинал: 'цоевской' -> Предложено: 'Лоевской'
   Причина: Автоматически отклонено (категория: имена_собственные)
   Смещение: 6637, Длина: 8

15. Оригинал: 'Пиньоль' -> Предложено: 'Гиньоль'
   Причина: Автоматически отклонено (категория: имена_собственные)
   Смещение: 6546, Длина: 7

16. Оригинал: 'Пиньоль' -> Предложено: 'Гиньоль'
   Причина: Автоматически отклонено (категория: имена_собственные)
   Смещение: 5611, Длина: 7

17. Оригинал: 'Пиньоля' -> Предложено: 'Гиньоля'
   Причина: Автоматически отклонено (категория: имена_собственные)
   Смещение: 5390, Длина: 7

18. Оригинал: 'Пиньоля' -> Предложено: 'Гиньоля'
   Причина: Автоматически отклонено (категория: имена_собственные)
   Смещение: 4445, Длина: 7

19. Оригинал: 'приквелом' -> Предложено: 'при квелом'
   Причина: Автоматически отклонено (категория: имена_собственные)
   Смещение: 4426, Длина: 9

20. Оригинал: 'Фунгусе' -> Предложено: 'Тунгусе'
   Причина: Автоматически отклонено (категория: имена_собственные)
   Смещение: 4264, Длина: 7

21. Оригинал: 'Пиньоль' -> Предложено: 'Гиньоль'
   Причина: Автоматически отклонено (категория: имена_собственные)
   Смещение: 4034, Длина: 7

22. Оригинал: 'Пиньоль' -> Предложено: 'Гиньоль'
   Причина: Автоматически отклонено (категория: имена_собственные)
   Смещение: 3202, Длина: 7

23. Оригинал: 'медиаобразования' -> Предложено: 'медиа образования'
   Причина: Автоматически отклонено (категория: имена_собственные)
   Смещение: 2866, Длина: 16

