Отклонённые исправления для workspace/output/94_02_Балтин.html:
Всего отклонено: 26

1. Оригинал: 'нежно-сиреневых' -> Предложено: 'нежно-сиреневый'
   Причина: Автоматически отклонено (категория: имена_собственные)
   Смещение: 51023, Длина: 15

2. Оригинал: 'Салыч' -> Предложено: 'Палыч'
   Причина: Автоматически отклонено (категория: имена_собственные)
   Смещение: 47021, Длина: 5

3. Оригинал: 'иссуетился' -> Предложено: 'ис суетился'
   Причина: Автоматически отклонено (категория: имена_собственные)
   Смещение: 46680, Длина: 10

4. Оригинал: 'Салыч' -> Предложено: 'Палыч'
   Причина: Автоматически отклонено (категория: имена_собственные)
   Смещение: 46600, Длина: 5

5. Оригинал: 'павликиан' -> Предложено: 'павлики ан'
   Причина: Автоматически отклонено (категория: имена_собственные)
   Смещение: 45134, Длина: 9

6. Оригинал: 'павликиан' -> Предложено: 'павлики ан'
   Причина: Автоматически отклонено (категория: имена_собственные)
   Смещение: 40716, Длина: 9

7. Оригинал: 'павликиане' -> Предложено: 'павлики ане'
   Причина: Автоматически отклонено (категория: имена_собственные)
   Смещение: 37398, Длина: 10

8. Оригинал: ', где угодно' -> Предложено: ' где угодно'
   Причина: Автоматически отклонено (категория: имена_собственные)
   Смещение: 30241, Длина: 12

9. Оригинал: 'непроворотен' -> Предложено: 'непроворен'
   Причина: Автоматически отклонено (категория: имена_собственные)
   Смещение: 25850, Длина: 12

10. Оригинал: 'бум-бум' -> Предложено: 'дум-дум'
   Причина: Автоматически отклонено (категория: имена_собственные)
   Смещение: 23473, Длина: 7

11. Оригинал: 'сыночкиным' -> Предложено: 'сын очкиным'
   Причина: Автоматически отклонено (категория: имена_собственные)
   Смещение: 22531, Длина: 10

12. Оригинал: 'не-тления' -> Предложено: 'нетления'
   Причина: Автоматически отклонено (категория: имена_собственные)
   Смещение: 19789, Длина: 9

13. Оригинал: 'Китоврас' -> Предложено: 'Китов рас'
   Причина: Автоматически отклонено (категория: имена_собственные)
   Смещение: 19601, Длина: 8

14. Оригинал: 'Китоврас' -> Предложено: 'Китов рас'
   Причина: Автоматически отклонено (категория: имена_собственные)
   Смещение: 19124, Длина: 8

15. Оригинал: 'Китовраса' -> Предложено: 'Китов раса'
   Причина: Автоматически отклонено (категория: имена_собственные)
   Смещение: 18943, Длина: 9

16. Оригинал: 'Китоврас' -> Предложено: 'Китов рас'
   Причина: Автоматически отклонено (категория: имена_собственные)
   Смещение: 18588, Длина: 8

17. Оригинал: 'Китоврас' -> Предложено: 'Китов рас'
   Причина: Автоматически отклонено (категория: имена_собственные)
   Смещение: 18388, Длина: 8

18. Оригинал: 'Китоврас' -> Предложено: 'Китов рас'
   Причина: Автоматически отклонено (категория: имена_собственные)
   Смещение: 17322, Длина: 8

19. Оригинал: 'Китоврас' -> Предложено: 'Китов рас'
   Причина: Автоматически отклонено (категория: имена_собственные)
   Смещение: 16185, Длина: 8

20. Оригинал: 'горбольнице' -> Предложено: 'гор больнице'
   Причина: Автоматически отклонено (категория: имена_собственные)
   Смещение: 16151, Длина: 11

21. Оригинал: 'цвиркают' -> Предложено: 'сверкают'
   Причина: Автоматически отклонено (категория: имена_собственные)
   Смещение: 15146, Длина: 8

22. Оригинал: ', как угодно' -> Предложено: ' как угодно'
   Причина: Автоматически отклонено (категория: имена_собственные)
   Смещение: 14539, Длина: 12

23. Оригинал: 'Китовраса' -> Предложено: 'Китов раса'
   Причина: Автоматически отклонено (категория: имена_собственные)
   Смещение: 14517, Длина: 9

24. Оригинал: 'полуконское' -> Предложено: 'полу конское'
   Причина: Автоматически отклонено (категория: имена_собственные)
   Смещение: 14102, Длина: 11

25. Оригинал: 'Чегой-то' -> Предложено: 'Чего-то'
   Причина: Автоматически отклонено (категория: имена_собственные)
   Смещение: 10551, Длина: 8

26. Оригинал: 'музшколу' -> Предложено: 'муз школу'
   Причина: Автоматически отклонено (категория: имена_собственные)
   Смещение: 10509, Длина: 8

