Отклонённые исправления для workspace/processing/bfef5248-671a-41a8-aa6d-fba2e2445c4b/stage1_typograf.html:
Всего отклонено: 36

1. Оригинал: 'Сиззи' -> Предложено: 'Сиз зи'
   Причина: Автоматически отклонено (категория: имена_собственные)
   Смещение: 12682, Длина: 5

2. Оригинал: 'Сиззи' -> Предложено: 'Сиз зи'
   Причина: Автоматически отклонено (категория: имена_собственные)
   Смещение: 12507, Длина: 5

3. Оригинал: 'Сиззи' -> Предложено: 'Сиз зи'
   Причина: Автоматически отклонено (категория: имена_собственные)
   Смещение: 12303, Длина: 5

4. Оригинал: 'Сиззи' -> Предложено: 'Сиз зи'
   Причина: Автоматически отклонено (категория: имена_собственные)
   Смещение: 12152, Длина: 5

5. Оригинал: 'Сиззи' -> Предложено: 'Сиз зи'
   Причина: Автоматически отклонено (категория: имена_собственные)
   Смещение: 11755, Длина: 5

6. Оригинал: 'Сиззи' -> Предложено: 'Сиз зи'
   Причина: Автоматически отклонено (категория: имена_собственные)
   Смещение: 11319, Длина: 5

7. Оригинал: 'Сиззи' -> Предложено: 'Сиз зи'
   Причина: Автоматически отклонено (категория: имена_собственные)
   Смещение: 10510, Длина: 5

8. Оригинал: 'Сиззи' -> Предложено: 'Сиз зи'
   Причина: Автоматически отклонено (категория: имена_собственные)
   Смещение: 10336, Длина: 5

9. Оригинал: 'Сиззи' -> Предложено: 'Сиз зи'
   Причина: Автоматически отклонено (категория: имена_собственные)
   Смещение: 10118, Длина: 5

10. Оригинал: 'Сиззи' -> Предложено: 'Сиз зи'
   Причина: Автоматически отклонено (категория: имена_собственные)
   Смещение: 9594, Длина: 5

11. Оригинал: 'Сиззи' -> Предложено: 'Сиз зи'
   Причина: Автоматически отклонено (категория: имена_собственные)
   Смещение: 9352, Длина: 5

12. Оригинал: 'Сиззи' -> Предложено: 'Сиз зи'
   Причина: Автоматически отклонено (категория: имена_собственные)
   Смещение: 9264, Длина: 5

13. Оригинал: 'Сиззи' -> Предложено: 'Сиз зи'
   Причина: Автоматически отклонено (категория: имена_собственные)
   Смещение: 9060, Длина: 5

14. Оригинал: 'Сиззи' -> Предложено: 'Сиз зи'
   Причина: Автоматически отклонено (категория: имена_собственные)
   Смещение: 8994, Длина: 5

15. Оригинал: 'Сиззи' -> Предложено: 'Сиз зи'
   Причина: Автоматически отклонено (категория: имена_собственные)
   Смещение: 8830, Длина: 5

16. Оригинал: 'Сиззи' -> Предложено: 'Сиз зи'
   Причина: Автоматически отклонено (категория: имена_собственные)
   Смещение: 8725, Длина: 5

17. Оригинал: 'Сиззи' -> Предложено: 'Сиз зи'
   Причина: Автоматически отклонено (категория: имена_собственные)
   Смещение: 8571, Длина: 5

18. Оригинал: 'Сиззи' -> Предложено: 'Сиз зи'
   Причина: Автоматически отклонено (категория: имена_собственные)
   Смещение: 7819, Длина: 5

19. Оригинал: 'Сиззи' -> Предложено: 'Сиз зи'
   Причина: Автоматически отклонено (категория: имена_собственные)
   Смещение: 7537, Длина: 5

20. Оригинал: 'Сиззи' -> Предложено: 'Сиз зи'
   Причина: Автоматически отклонено (категория: имена_собственные)
   Смещение: 7234, Длина: 5

21. Оригинал: 'Сиззи' -> Предложено: 'Сиз зи'
   Причина: Автоматически отклонено (категория: имена_собственные)
   Смещение: 7035, Длина: 5

22. Оригинал: 'Сиззи' -> Предложено: 'Сиз зи'
   Причина: Автоматически отклонено (категория: имена_собственные)
   Смещение: 6785, Длина: 5

23. Оригинал: 'Сиззи' -> Предложено: 'Сиз зи'
   Причина: Автоматически отклонено (категория: имена_собственные)
   Смещение: 6593, Длина: 5

24. Оригинал: 'Сиззи' -> Предложено: 'Сиз зи'
   Причина: Автоматически отклонено (категория: имена_собственные)
   Смещение: 6348, Длина: 5

25. Оригинал: 'Сиззи' -> Предложено: 'Сиз зи'
   Причина: Автоматически отклонено (категория: имена_собственные)
   Смещение: 6218, Длина: 5

26. Оригинал: 'Сиззи' -> Предложено: 'Сиз зи'
   Причина: Автоматически отклонено (категория: имена_собственные)
   Смещение: 5920, Длина: 5

27. Оригинал: 'Сиззи' -> Предложено: 'Сиз зи'
   Причина: Автоматически отклонено (категория: имена_собственные)
   Смещение: 5737, Длина: 5

28. Оригинал: 'Сиззи' -> Предложено: 'Сиз зи'
   Причина: Автоматически отклонено (категория: имена_собственные)
   Смещение: 5589, Длина: 5

29. Оригинал: 'Сиззи' -> Предложено: 'Сиз зи'
   Причина: Автоматически отклонено (категория: имена_собственные)
   Смещение: 5252, Длина: 5

30. Оригинал: 'Сиззи' -> Предложено: 'Сиз зи'
   Причина: Автоматически отклонено (категория: имена_собственные)
   Смещение: 5208, Длина: 5

31. Оригинал: 'Сиззи' -> Предложено: 'Сиз зи'
   Причина: Автоматически отклонено (категория: имена_собственные)
   Смещение: 5017, Длина: 5

32. Оригинал: 'Сиззи' -> Предложено: 'Сиз зи'
   Причина: Автоматически отклонено (категория: имена_собственные)
   Смещение: 4805, Длина: 5

33. Оригинал: 'Сиззи' -> Предложено: 'Сиз зи'
   Причина: Автоматически отклонено (категория: имена_собственные)
   Смещение: 3786, Длина: 5

34. Оригинал: 'Сиззи' -> Предложено: 'Сиз зи'
   Причина: Автоматически отклонено (категория: имена_собственные)
   Смещение: 3441, Длина: 5

35. Оригинал: 'Телеграм-канала' -> Предложено: 'Телеграм-канал а'
   Причина: Автоматически отклонено (категория: имена_собственные)
   Смещение: 2914, Длина: 15

36. Оригинал: 'культурно-просветительского' -> Предложено: 'культурно-просветительного'
   Причина: Автоматически отклонено (категория: имена_собственные)
   Смещение: 2886, Длина: 27

