Отклонённые исправления для workspace/processing/8c39c3d5-15a0-4c9d-a8fd-f79d9ce42fb4/stage1_typograf.html:
Всего отклонено: 14

1. Оригинал: 'заклацала' -> Предложено: 'за клацала'
   Причина: Автоматически отклонено (категория: имена_собственные)
   Смещение: 23539, Длина: 9

2. Оригинал: 'префронтальную' -> Предложено: 'пре фронтальную'
   Причина: Автоматически отклонено (категория: имена_собственные)
   Смещение: 22588, Длина: 14

3. Оригинал: 'одоклассникам' -> Предложено: 'одноклассникам'
   Причина: Автоматически отклонено (категория: имена_собственные)
   Смещение: 21818, Длина: 13

4. Оригинал: 'стремно' -> Предложено: 'стрем но'
   Причина: Автоматически отклонено (категория: имена_собственные)
   Смещение: 20493, Длина: 7

5. Оригинал: 'стремно' -> Предложено: 'стрем но'
   Причина: Автоматически отклонено (категория: имена_собственные)
   Смещение: 20447, Длина: 7

6. Оригинал: 'Вайлдберрис' -> Предложено: 'Валдерии'
   Причина: Автоматически отклонено (категория: имена_собственные)
   Смещение: 19743, Длина: 11

7. Оригинал: 'гипнотизерским' -> Предложено: 'гипнотизерский'
   Причина: Автоматически отклонено (категория: имена_собственные)
   Смещение: 19058, Длина: 14

8. Оригинал: 'поразглядывать' -> Предложено: 'по разглядывать'
   Причина: Автоматически отклонено (категория: имена_собственные)
   Смещение: 15794, Длина: 14

9. Оригинал: 'Не-кит' -> Предложено: 'Никит'
   Причина: Автоматически отклонено (категория: имена_собственные)
   Смещение: 14196, Длина: 6

10. Оригинал: 'чувачок' -> Предложено: 'чуванок'
   Причина: Автоматически отклонено (категория: имена_собственные)
   Смещение: 14147, Длина: 7

11. Оригинал: 'аггентша' -> Предложено: 'агентша'
   Причина: Автоматически отклонено (категория: имена_собственные)
   Смещение: 12220, Длина: 8

12. Оригинал: 'Вайлдберрис' -> Предложено: 'Валдерии'
   Причина: Автоматически отклонено (категория: имена_собственные)
   Смещение: 11039, Длина: 11

13. Оригинал: 'какие-никакие' -> Предложено: 'какие-такие'
   Причина: Автоматически отклонено (категория: имена_собственные)
   Смещение: 9543, Длина: 13

14. Оригинал: 'вайлдберрис' -> Предложено: 'валдерии'
   Причина: Автоматически отклонено (категория: имена_собственные)
   Смещение: 6180, Длина: 11

