Отклонённые исправления для workspace/output/94_01_Каминский.html:
Всего отклонено: 23

1. Оригинал: 'отвратился' -> Предложено: 'открутился'
   Причина: Автоматически отклонено (категория: имена_собственные)
   Смещение: 76191, Длина: 10

2. Оригинал: 'окормляетесь' -> Предложено: 'оформляетесь'
   Причина: Автоматически отклонено (категория: имена_собственные)
   Смещение: 70900, Длина: 12

3. Оригинал: 'Иденсальми' -> Предложено: 'Идинами'
   Причина: Автоматически отклонено (категория: имена_собственные)
   Смещение: 70357, Длина: 10

4. Оригинал: 'ка-феинка' -> Предложено: 'кофеинка'
   Причина: Автоматически отклонено (категория: имена_собственные)
   Смещение: 67534, Длина: 9

5. Оригинал: 'Выкричал' -> Предложено: 'Вы кричал'
   Причина: Автоматически отклонено (категория: имена_собственные)
   Смещение: 67347, Длина: 8

6. Оригинал: 'Иденсальми' -> Предложено: 'Идинами'
   Причина: Автоматически отклонено (категория: имена_собственные)
   Смещение: 58919, Длина: 10

7. Оригинал: 'Тенгинский' -> Предложено: 'Шенгенский'
   Причина: Автоматически отклонено (категория: имена_собственные)
   Смещение: 57804, Длина: 10

8. Оригинал: 'Навагинский' -> Предложено: 'Новощинский'
   Причина: Автоматически отклонено (категория: имена_собственные)
   Смещение: 57673, Длина: 11

9. Оригинал: 'Навагинского' -> Предложено: 'Новощинского'
   Причина: Автоматически отклонено (категория: имена_собственные)
   Смещение: 57432, Длина: 12

10. Оригинал: 'Навагинский' -> Предложено: 'Новощинский'
   Причина: Автоматически отклонено (категория: имена_собственные)
   Смещение: 57056, Длина: 11

11. Оригинал: 'Тенгинский' -> Предложено: 'Шенгенский'
   Причина: Автоматически отклонено (категория: имена_собственные)
   Смещение: 56600, Длина: 10

12. Оригинал: 'Навагинский' -> Предложено: 'Новощинский'
   Причина: Автоматически отклонено (категория: имена_собственные)
   Смещение: 56523, Длина: 11

13. Оригинал: 'Навагинский' -> Предложено: 'Новощинский'
   Причина: Автоматически отклонено (категория: имена_собственные)
   Смещение: 53537, Длина: 11

14. Оригинал: 'Навагинский' -> Предложено: 'Новощинский'
   Причина: Автоматически отклонено (категория: имена_собственные)
   Смещение: 52500, Длина: 11

15. Оригинал: 'Трехфунтовое' -> Предложено: 'Трех фунтовое'
   Причина: Автоматически отклонено (категория: имена_собственные)
   Смещение: 36134, Длина: 12

16. Оригинал: 'Жа-дов-ский' -> Предложено: 'Жадовский'
   Причина: Автоматически отклонено (категория: имена_собственные)
   Смещение: 34800, Длина: 11

17. Оригинал: 'Тенгинский' -> Предложено: 'Шенгенский'
   Причина: Автоматически отклонено (категория: имена_собственные)
   Смещение: 16279, Длина: 10

18. Оригинал: 'Навагинский' -> Предложено: 'Новощинский'
   Причина: Автоматически отклонено (категория: имена_собственные)
   Смещение: 16199, Длина: 11

19. Оригинал: 'Навагинским' -> Предложено: 'Новощинским'
   Причина: Автоматически отклонено (категория: имена_собственные)
   Смещение: 15537, Длина: 11

20. Оригинал: 'Навагинский' -> Предложено: 'Новощинский'
   Причина: Автоматически отклонено (категория: имена_собственные)
   Смещение: 15434, Длина: 11

21. Оригинал: 'Иденсальми' -> Предложено: 'Идинами'
   Причина: Автоматически отклонено (категория: имена_собственные)
   Смещение: 9397, Длина: 10

22. Оригинал: 'Бруссином' -> Предложено: 'Бруссером'
   Причина: Автоматически отклонено (категория: имена_собственные)
   Смещение: 7734, Длина: 9

23. Оригинал: 'Навагинского' -> Предложено: 'Новощинского'
   Причина: Автоматически отклонено (категория: имена_собственные)
   Смещение: 5283, Длина: 12

