Отклонённые исправления для /Volumes/Store1/Yandex.Disk.localized/www-yandex/piskulin/workspace/processing/85abcd3f-e5a4-428b-9bde-11fc5a000840/TypografProcessorModule/output_temp_typograf.html:
Всего отклонено: 7

1. Оригинал: 'волонтерили' -> Предложено: 'волонтер или'
   Причина: Автоматически отклонено (категория: имена_собственные)
   Смещение: 13972, Длина: 11

2. Оригинал: 'расследователем' -> Предложено: 'рас следователем'
   Причина: Автоматически отклонено (категория: имена_собственные)
   Смещение: 12910, Длина: 15

3. Оригинал: 'обсессивно-компульсивным' -> Предложено: 'обсессивно-компульсивное'
   Причина: Автоматически отклонено (категория: имена_собственные)
   Смещение: 12394, Длина: 24

4. Оригинал: 'автогероини' -> Предложено: 'авто героини'
   Причина: Автоматически отклонено (категория: имена_собственные)
   Смещение: 12010, Длина: 11

5. Оригинал: 'таймлайны' -> Предложено: 'тайм лайны'
   Причина: Автоматически отклонено (категория: имена_собственные)
   Смещение: 10376, Длина: 9

6. Оригинал: 'шеф-редакторкой' -> Предложено: 'шеф-редактор кой'
   Причина: Автоматически отклонено (категория: имена_собственные)
   Смещение: 3247, Длина: 15

7. Оригинал: 'медиаобразования' -> Предложено: 'медиа образования'
   Причина: Автоматически отклонено (категория: имена_собственные)
   Смещение: 2863, Длина: 16

