Отклонённые исправления для /Volumes/Store1/Yandex.Disk.localized/www-yandex/piskulin/workspace/processing/6d99546b-1d60-4da8-bef2-fa63b98322c2/TypografProcessorModule/output_temp_typograf.html:
Всего отклонено: 36

1. Оригинал: 'Сиззи' -> Предложено: 'Сиз зи'
   Причина: Автоматически отклонено (категория: имена_собственные)
   Смещение: 12661, Длина: 5

2. Оригинал: 'Сиззи' -> Предложено: 'Сиз зи'
   Причина: Автоматически отклонено (категория: имена_собственные)
   Смещение: 12486, Длина: 5

3. Оригинал: 'Сиззи' -> Предложено: 'Сиз зи'
   Причина: Автоматически отклонено (категория: имена_собственные)
   Смещение: 12282, Длина: 5

4. Оригинал: 'Сиззи' -> Предложено: 'Сиз зи'
   Причина: Автоматически отклонено (категория: имена_собственные)
   Смещение: 12131, Длина: 5

5. Оригинал: 'Сиззи' -> Предложено: 'Сиз зи'
   Причина: Автоматически отклонено (категория: имена_собственные)
   Смещение: 11734, Длина: 5

6. Оригинал: 'Сиззи' -> Предложено: 'Сиз зи'
   Причина: Автоматически отклонено (категория: имена_собственные)
   Смещение: 11298, Длина: 5

7. Оригинал: 'Сиззи' -> Предложено: 'Сиз зи'
   Причина: Автоматически отклонено (категория: имена_собственные)
   Смещение: 10489, Длина: 5

8. Оригинал: 'Сиззи' -> Предложено: 'Сиз зи'
   Причина: Автоматически отклонено (категория: имена_собственные)
   Смещение: 10315, Длина: 5

9. Оригинал: 'Сиззи' -> Предложено: 'Сиз зи'
   Причина: Автоматически отклонено (категория: имена_собственные)
   Смещение: 10097, Длина: 5

10. Оригинал: 'Сиззи' -> Предложено: 'Сиз зи'
   Причина: Автоматически отклонено (категория: имена_собственные)
   Смещение: 9573, Длина: 5

11. Оригинал: 'Сиззи' -> Предложено: 'Сиз зи'
   Причина: Автоматически отклонено (категория: имена_собственные)
   Смещение: 9331, Длина: 5

12. Оригинал: 'Сиззи' -> Предложено: 'Сиз зи'
   Причина: Автоматически отклонено (категория: имена_собственные)
   Смещение: 9243, Длина: 5

13. Оригинал: 'Сиззи' -> Предложено: 'Сиз зи'
   Причина: Автоматически отклонено (категория: имена_собственные)
   Смещение: 9039, Длина: 5

14. Оригинал: 'Сиззи' -> Предложено: 'Сиз зи'
   Причина: Автоматически отклонено (категория: имена_собственные)
   Смещение: 8973, Длина: 5

15. Оригинал: 'Сиззи' -> Предложено: 'Сиз зи'
   Причина: Автоматически отклонено (категория: имена_собственные)
   Смещение: 8809, Длина: 5

16. Оригинал: 'Сиззи' -> Предложено: 'Сиз зи'
   Причина: Автоматически отклонено (категория: имена_собственные)
   Смещение: 8704, Длина: 5

17. Оригинал: 'Сиззи' -> Предложено: 'Сиз зи'
   Причина: Автоматически отклонено (категория: имена_собственные)
   Смещение: 8550, Длина: 5

18. Оригинал: 'Сиззи' -> Предложено: 'Сиз зи'
   Причина: Автоматически отклонено (категория: имена_собственные)
   Смещение: 7798, Длина: 5

19. Оригинал: 'Сиззи' -> Предложено: 'Сиз зи'
   Причина: Автоматически отклонено (категория: имена_собственные)
   Смещение: 7516, Длина: 5

20. Оригинал: 'Сиззи' -> Предложено: 'Сиз зи'
   Причина: Автоматически отклонено (категория: имена_собственные)
   Смещение: 7213, Длина: 5

21. Оригинал: 'Сиззи' -> Предложено: 'Сиз зи'
   Причина: Автоматически отклонено (категория: имена_собственные)
   Смещение: 7014, Длина: 5

22. Оригинал: 'Сиззи' -> Предложено: 'Сиз зи'
   Причина: Автоматически отклонено (категория: имена_собственные)
   Смещение: 6764, Длина: 5

23. Оригинал: 'Сиззи' -> Предложено: 'Сиз зи'
   Причина: Автоматически отклонено (категория: имена_собственные)
   Смещение: 6572, Длина: 5

24. Оригинал: 'Сиззи' -> Предложено: 'Сиз зи'
   Причина: Автоматически отклонено (категория: имена_собственные)
   Смещение: 6327, Длина: 5

25. Оригинал: 'Сиззи' -> Предложено: 'Сиз зи'
   Причина: Автоматически отклонено (категория: имена_собственные)
   Смещение: 6197, Длина: 5

26. Оригинал: 'Сиззи' -> Предложено: 'Сиз зи'
   Причина: Автоматически отклонено (категория: имена_собственные)
   Смещение: 5899, Длина: 5

27. Оригинал: 'Сиззи' -> Предложено: 'Сиз зи'
   Причина: Автоматически отклонено (категория: имена_собственные)
   Смещение: 5716, Длина: 5

28. Оригинал: 'Сиззи' -> Предложено: 'Сиз зи'
   Причина: Автоматически отклонено (категория: имена_собственные)
   Смещение: 5568, Длина: 5

29. Оригинал: 'Сиззи' -> Предложено: 'Сиз зи'
   Причина: Автоматически отклонено (категория: имена_собственные)
   Смещение: 5231, Длина: 5

30. Оригинал: 'Сиззи' -> Предложено: 'Сиз зи'
   Причина: Автоматически отклонено (категория: имена_собственные)
   Смещение: 5187, Длина: 5

31. Оригинал: 'Сиззи' -> Предложено: 'Сиз зи'
   Причина: Автоматически отклонено (категория: имена_собственные)
   Смещение: 4996, Длина: 5

32. Оригинал: 'Сиззи' -> Предложено: 'Сиз зи'
   Причина: Автоматически отклонено (категория: имена_собственные)
   Смещение: 4784, Длина: 5

33. Оригинал: 'Сиззи' -> Предложено: 'Сиз зи'
   Причина: Автоматически отклонено (категория: имена_собственные)
   Смещение: 3765, Длина: 5

34. Оригинал: 'Сиззи' -> Предложено: 'Сиз зи'
   Причина: Автоматически отклонено (категория: имена_собственные)
   Смещение: 3420, Длина: 5

35. Оригинал: 'Телеграм-канала' -> Предложено: 'Телеграм-канал а'
   Причина: Автоматически отклонено (категория: имена_собственные)
   Смещение: 2893, Длина: 15

36. Оригинал: 'культурно-просветительского' -> Предложено: 'культурно-просветительного'
   Причина: Автоматически отклонено (категория: имена_собственные)
   Смещение: 2865, Длина: 27

