Отклонённые исправления для workspace/processing/c3ffd8c4-344c-452d-819b-de02c9ca2f48/stage1_typograf.html:
Всего отклонено: 9

1. Оригинал: 'вокабуляр' -> Предложено: 'вокабул яр'
   Причина: Автоматически отклонено (категория: имена_собственные)
   Смещение: 22233, Длина: 9

2. Оригинал: 'шансонного' -> Предложено: 'шан сонного'
   Причина: Автоматически отклонено (категория: имена_собственные)
   Смещение: 20985, Длина: 10

3. Оригинал: 'Послоняемся' -> Предложено: 'По слоняемся'
   Причина: Автоматически отклонено (категория: имена_собственные)
   Смещение: 16090, Длина: 11

4. Оригинал: 'сосисочек' -> Предложено: 'сосисочен'
   Причина: Автоматически отклонено (категория: имена_собственные)
   Смещение: 15075, Длина: 9

5. Оригинал: 'Юбды' -> Предложено: 'Абды'
   Причина: Автоматически отклонено (категория: имена_собственные)
   Смещение: 13369, Длина: 4

6. Оригинал: 'Черона́с' -> Предложено: 'Пронаос'
   Причина: Автоматически отклонено (категория: имена_собственные)
   Смещение: 11832, Длина: 8

7. Оригинал: 'Юбде' -> Предложено: 'Абди'
   Причина: Автоматически отклонено (категория: имена_собственные)
   Смещение: 10957, Длина: 4

8. Оригинал: 'Юбды' -> Предложено: 'Абды'
   Причина: Автоматически отклонено (категория: имена_собственные)
   Смещение: 10463, Длина: 4

9. Оригинал: 'посопротивлялась' -> Предложено: 'по сопротивлялась'
   Причина: Автоматически отклонено (категория: имена_собственные)
   Смещение: 8147, Длина: 16

