Отклонённые исправления для /Volumes/Store1/Yandex.Disk.localized/www-yandex/piskulin/workspace/processing/fd42b8e5-0097-471e-b8a4-d7daa3efd6ef/TypografProcessorModule/docx_final_typograf.html:
Всего отклонено: 14

1. Оригинал: 'заклацала' -> Предложено: 'за клацала'
   Причина: Автоматически отклонено (категория: имена_собственные)
   Смещение: 23515, Длина: 9

2. Оригинал: 'префронтальную' -> Предложено: 'пре фронтальную'
   Причина: Автоматически отклонено (категория: имена_собственные)
   Смещение: 22564, Длина: 14

3. Оригинал: 'одоклассникам' -> Предложено: 'одноклассникам'
   Причина: Автоматически отклонено (категория: имена_собственные)
   Смещение: 21794, Длина: 13

4. Оригинал: 'стремно' -> Предложено: 'стрем но'
   Причина: Автоматически отклонено (категория: имена_собственные)
   Смещение: 20469, Длина: 7

5. Оригинал: 'стремно' -> Предложено: 'стрем но'
   Причина: Автоматически отклонено (категория: имена_собственные)
   Смещение: 20423, Длина: 7

6. Оригинал: 'Вайлдберрис' -> Предложено: 'Валдерии'
   Причина: Автоматически отклонено (категория: имена_собственные)
   Смещение: 19719, Длина: 11

7. Оригинал: 'гипнотизерским' -> Предложено: 'гипнотизерский'
   Причина: Автоматически отклонено (категория: имена_собственные)
   Смещение: 19034, Длина: 14

8. Оригинал: 'поразглядывать' -> Предложено: 'по разглядывать'
   Причина: Автоматически отклонено (категория: имена_собственные)
   Смещение: 15770, Длина: 14

9. Оригинал: 'Не-кит' -> Предложено: 'Никит'
   Причина: Автоматически отклонено (категория: имена_собственные)
   Смещение: 14172, Длина: 6

10. Оригинал: 'чувачок' -> Предложено: 'чуванок'
   Причина: Автоматически отклонено (категория: имена_собственные)
   Смещение: 14123, Длина: 7

11. Оригинал: 'аггентша' -> Предложено: 'агентша'
   Причина: Автоматически отклонено (категория: имена_собственные)
   Смещение: 12196, Длина: 8

12. Оригинал: 'Вайлдберрис' -> Предложено: 'Валдерии'
   Причина: Автоматически отклонено (категория: имена_собственные)
   Смещение: 11015, Длина: 11

13. Оригинал: 'какие-никакие' -> Предложено: 'какие-такие'
   Причина: Автоматически отклонено (категория: имена_собственные)
   Смещение: 9519, Длина: 13

14. Оригинал: 'вайлдберрис' -> Предложено: 'валдерии'
   Причина: Автоматически отклонено (категория: имена_собственные)
   Смещение: 6156, Длина: 11

