Отклоненные исправления для reports/Проза Артур Другой_Юность/Проза Артур Другой_Юность.html:
Всего отклонено: 36

1. Оригинал: 'Сиззи' -> Предложено: 'Сиз зи'
   Причина: Автоматически отклонено (категория: имена_собственные)
   Смещение: 12559, Длина: 5

2. Оригинал: 'Сиззи' -> Предложено: 'Сиз зи'
   Причина: Автоматически отклонено (категория: имена_собственные)
   Смещение: 12414, Длина: 5

3. Оригинал: 'Сиззи' -> Предложено: 'Сиз зи'
   Причина: Автоматически отклонено (категория: имена_собственные)
   Смещение: 12226, Длина: 5

4. Оригинал: 'Сиззи' -> Предложено: 'Сиз зи'
   Причина: Автоматически отклонено (категория: имена_собственные)
   Смещение: 12090, Длина: 5

5. Оригинал: 'Сиззи' -> Предложено: 'Сиз зи'
   Причина: Автоматически отклонено (категория: имена_собственные)
   Смещение: 11744, Длина: 5

6. Оригинал: 'Сиззи' -> Предложено: 'Сиз зи'
   Причина: Автоматически отклонено (категория: имена_собственные)
   Смещение: 11361, Длина: 5

7. Оригинал: 'Сиззи' -> Предложено: 'Сиз зи'
   Причина: Автоматически отклонено (категория: имена_собственные)
   Смещение: 10666, Длина: 5

8. Оригинал: 'Сиззи' -> Предложено: 'Сиз зи'
   Причина: Автоматически отклонено (категория: имена_собственные)
   Смещение: 10522, Длина: 5

9. Оригинал: 'Сиззи' -> Предложено: 'Сиз зи'
   Причина: Автоматически отклонено (категория: имена_собственные)
   Смещение: 10316, Длина: 5

10. Оригинал: 'Сиззи' -> Предложено: 'Сиз зи'
   Причина: Автоматически отклонено (категория: имена_собственные)
   Смещение: 9849, Длина: 5

11. Оригинал: 'Сиззи' -> Предложено: 'Сиз зи'
   Причина: Автоматически отклонено (категория: имена_собственные)
   Смещение: 9642, Длина: 5

12. Оригинал: 'Сиззи' -> Предложено: 'Сиз зи'
   Причина: Автоматически отклонено (категория: имена_собственные)
   Смещение: 9564, Длина: 5

13. Оригинал: 'Сиззи' -> Предложено: 'Сиз зи'
   Причина: Автоматически отклонено (категория: имена_собственные)
   Смещение: 9382, Длина: 5

14. Оригинал: 'Сиззи' -> Предложено: 'Сиз зи'
   Причина: Автоматически отклонено (категория: имена_собственные)
   Смещение: 9326, Длина: 5

15. Оригинал: 'Сиззи' -> Предложено: 'Сиз зи'
   Причина: Автоматически отклонено (категория: имена_собственные)
   Смещение: 9188, Длина: 5

16. Оригинал: 'Сиззи' -> Предложено: 'Сиз зи'
   Причина: Автоматически отклонено (категория: имена_собственные)
   Смещение: 9104, Длина: 5

17. Оригинал: 'Сиззи' -> Предложено: 'Сиз зи'
   Причина: Автоматически отклонено (категория: имена_собственные)
   Смещение: 8976, Длина: 5

18. Оригинал: 'Сиззи' -> Предложено: 'Сиз зи'
   Причина: Автоматически отклонено (категория: имена_собственные)
   Смещение: 8319, Длина: 5

19. Оригинал: 'Сиззи' -> Предложено: 'Сиз зи'
   Причина: Автоматически отклонено (категория: имена_собственные)
   Смещение: 8058, Длина: 5

20. Оригинал: 'Сиззи' -> Предложено: 'Сиз зи'
   Причина: Автоматически отклонено (категория: имена_собственные)
   Смещение: 7801, Длина: 5

21. Оригинал: 'Сиззи' -> Предложено: 'Сиз зи'
   Причина: Автоматически отклонено (категория: имена_собственные)
   Смещение: 7607, Длина: 5

22. Оригинал: 'Сиззи' -> Предложено: 'Сиз зи'
   Причина: Автоматически отклонено (категория: имена_собственные)
   Смещение: 7389, Длина: 5

23. Оригинал: 'Сиззи' -> Предложено: 'Сиз зи'
   Причина: Автоматически отклонено (категория: имена_собственные)
   Смещение: 7217, Длина: 5

24. Оригинал: 'Сиззи' -> Предложено: 'Сиз зи'
   Причина: Автоматически отклонено (категория: имена_собственные)
   Смещение: 6978, Длина: 5

25. Оригинал: 'Сиззи' -> Предложено: 'Сиз зи'
   Причина: Автоматически отклонено (категория: имена_собственные)
   Смещение: 6858, Длина: 5

26. Оригинал: 'Сиззи' -> Предложено: 'Сиз зи'
   Причина: Автоматически отклонено (категория: имена_собственные)
   Смещение: 6587, Длина: 5

27. Оригинал: 'Сиззи' -> Предложено: 'Сиз зи'
   Причина: Автоматически отклонено (категория: имена_собственные)
   Смещение: 6429, Длина: 5

28. Оригинал: 'Сиззи' -> Предложено: 'Сиз зи'
   Причина: Автоматически отклонено (категория: имена_собственные)
   Смещение: 6292, Длина: 5

29. Оригинал: 'Сиззи' -> Предложено: 'Сиз зи'
   Причина: Автоматически отклонено (категория: имена_собственные)
   Смещение: 5980, Длина: 5

30. Оригинал: 'Сиззи' -> Предложено: 'Сиз зи'
   Причина: Автоматически отклонено (категория: имена_собственные)
   Смещение: 5938, Длина: 5

31. Оригинал: 'Сиззи' -> Предложено: 'Сиз зи'
   Причина: Автоматически отклонено (категория: имена_собственные)
   Смещение: 5777, Длина: 5

32. Оригинал: 'Сиззи' -> Предложено: 'Сиз зи'
   Причина: Автоматически отклонено (категория: имена_собственные)
   Смещение: 5590, Длина: 5

33. Оригинал: 'Сиззи' -> Предложено: 'Сиз зи'
   Причина: Автоматически отклонено (категория: имена_собственные)
   Смещение: 4694, Длина: 5

34. Оригинал: 'Сиззи' -> Предложено: 'Сиз зи'
   Причина: Автоматически отклонено (категория: имена_собственные)
   Смещение: 4365, Длина: 5

35. Оригинал: 'Телеграм-канала' -> Предложено: 'Телеграм-канал а'
   Причина: Автоматически отклонено (категория: имена_собственные)
   Смещение: 3864, Длина: 15

36. Оригинал: 'культурно-просветительского' -> Предложено: 'культурно-просветительного'
   Причина: Автоматически отклонено (категория: имена_собственные)
   Смещение: 3836, Длина: 27

