2025-06-04 00:40:50,143 - orchestrator - INFO - CORR_ID:c2f87c7f-2660-44aa-a7ba-6b3c66d87536 - Начало нового сеанса обработки конвейера. Correlation ID: c2f87c7f-2660-44aa-a7ba-6b3c66d87536
2025-06-04 00:40:50,143 - orchestrator - INFO - CORR_ID:c2f87c7f-2660-44aa-a7ba-6b3c66d87536 - Входной файл: /Volumes/Store1/Yandex.Disk.localized/www-yandex/piskulin/textinput/docx
2025-06-04 00:40:50,143 - orchestrator - INFO - CORR_ID:c2f87c7f-2660-44aa-a7ba-6b3c66d87536 - Запуск этапа: DocxToHtmlConversion
2025-06-04 00:40:50,144 - src.pipeline.docx_to_html_converter - INFO - CORR_ID:c2f87c7f-2660-44aa-a7ba-6b3c66d87536 - Начало конвертации DOCX в HTML: /Volumes/Store1/Yandex.Disk.localized/www-yandex/piskulin/textinput/docx
2025-06-04 00:40:50,725 - src.pipeline.docx_to_html_converter - INFO - CORR_ID:c2f87c7f-2660-44aa-a7ba-6b3c66d87536 - Файл успешно сконвертирован в HTML: /Volumes/Store1/Yandex.Disk.localized/www-yandex/piskulin/workspace/processing/c2f87c7f-2660-44aa-a7ba-6b3c66d87536/DocxToHtmlConversion/Былое и думы Борис Минаев Поколение Юры_final.html
2025-06-04 00:40:50,726 - orchestrator - INFO - CORR_ID:c2f87c7f-2660-44aa-a7ba-6b3c66d87536 - Этап DocxToHtmlConversion успешно завершен. Результат: /Volumes/Store1/Yandex.Disk.localized/www-yandex/piskulin/workspace/processing/c2f87c7f-2660-44aa-a7ba-6b3c66d87536/DocxToHtmlConversion/Былое и думы Борис Минаев Поколение Юры_final.html
2025-06-04 00:40:50,727 - orchestrator - INFO - CORR_ID:c2f87c7f-2660-44aa-a7ba-6b3c66d87536 - [DEBUG] После этапа DocxToHtmlConversion: meta-файл содержит: /Volumes/Store1/Yandex.Disk.localized/www-yandex/piskulin/workspace/processing/c2f87c7f-2660-44aa-a7ba-6b3c66d87536/DocxToHtmlConversion/Былое и думы Борис Минаев Поколение Юры_final.html
2025-06-04 00:40:50,727 - orchestrator - INFO - CORR_ID:c2f87c7f-2660-44aa-a7ba-6b3c66d87536 - [DEBUG] Содержимое директории /Volumes/Store1/Yandex.Disk.localized/www-yandex/piskulin/workspace/processing/c2f87c7f-2660-44aa-a7ba-6b3c66d87536/DocxToHtmlConversion: ['DocxToHtmlConversion_SUCCESS.json', 'Былое и думы Борис Минаев Поколение Юры_final.html']
2025-06-04 00:40:50,727 - orchestrator - INFO - CORR_ID:c2f87c7f-2660-44aa-a7ba-6b3c66d87536 - Запуск этапа: TypografProcessorModule
2025-06-04 00:40:52,543 - orchestrator - INFO - CORR_ID:c2f87c7f-2660-44aa-a7ba-6b3c66d87536 - Этап TypografProcessorModule успешно завершен. Результат: /Volumes/Store1/Yandex.Disk.localized/www-yandex/piskulin/workspace/processing/c2f87c7f-2660-44aa-a7ba-6b3c66d87536/TypografProcessorModule/Былое и думы Борис Минаев Поколение Юры_final_typograf.html
2025-06-04 00:40:52,543 - orchestrator - INFO - CORR_ID:c2f87c7f-2660-44aa-a7ba-6b3c66d87536 - [DEBUG] После этапа TypografProcessorModule: meta-файл содержит: /Volumes/Store1/Yandex.Disk.localized/www-yandex/piskulin/workspace/processing/c2f87c7f-2660-44aa-a7ba-6b3c66d87536/TypografProcessorModule/Былое и думы Борис Минаев Поколение Юры_final_typograf.html
2025-06-04 00:40:52,543 - orchestrator - INFO - CORR_ID:c2f87c7f-2660-44aa-a7ba-6b3c66d87536 - [DEBUG] Содержимое директории /Volumes/Store1/Yandex.Disk.localized/www-yandex/piskulin/workspace/processing/c2f87c7f-2660-44aa-a7ba-6b3c66d87536/TypografProcessorModule: ['TypografProcessorModule_SUCCESS.json', 'Былое и думы Борис Минаев Поколение Юры_final_typograf.html']
2025-06-04 00:40:52,543 - orchestrator - INFO - CORR_ID:c2f87c7f-2660-44aa-a7ba-6b3c66d87536 - Запуск этапа: LanguageToolProcessorModule
2025-06-04 00:40:58,166 - orchestrator - INFO - CORR_ID:c2f87c7f-2660-44aa-a7ba-6b3c66d87536 - Этап LanguageToolProcessorModule успешно завершен. Отчет: /Volumes/Store1/Yandex.Disk.localized/www-yandex/piskulin/workspace/processing/c2f87c7f-2660-44aa-a7ba-6b3c66d87536/LanguageToolProcessorModule/Былое и думы Борис Минаев Поколение Юры_final_typograf_languagetool_report.json
2025-06-04 00:40:58,166 - orchestrator - INFO - CORR_ID:c2f87c7f-2660-44aa-a7ba-6b3c66d87536 - [DEBUG] После этапа LanguageToolProcessorModule: meta-файл содержит: /Volumes/Store1/Yandex.Disk.localized/www-yandex/piskulin/workspace/processing/c2f87c7f-2660-44aa-a7ba-6b3c66d87536/TypografProcessorModule/Былое и думы Борис Минаев Поколение Юры_final_typograf.html
2025-06-04 00:40:58,166 - orchestrator - INFO - CORR_ID:c2f87c7f-2660-44aa-a7ba-6b3c66d87536 - [DEBUG] Содержимое директории /Volumes/Store1/Yandex.Disk.localized/www-yandex/piskulin/workspace/processing/c2f87c7f-2660-44aa-a7ba-6b3c66d87536/LanguageToolProcessorModule: ['LanguageToolProcessorModule_SUCCESS.json', 'Былое и думы Борис Минаев Поколение Юры_final_typograf_languagetool_report.json']
2025-06-04 00:40:58,166 - orchestrator - INFO - CORR_ID:c2f87c7f-2660-44aa-a7ba-6b3c66d87536 - Запуск этапа: AutocorrectProcessorModule
2025-06-04 00:40:58,174 - orchestrator - INFO - CORR_ID:c2f87c7f-2660-44aa-a7ba-6b3c66d87536 - Этап AutocorrectProcessorModule успешно завершен. Результат: /Volumes/Store1/Yandex.Disk.localized/www-yandex/piskulin/workspace/processing/c2f87c7f-2660-44aa-a7ba-6b3c66d87536/AutocorrectProcessorModule/Былое и думы Борис Минаев Поколение Юры_final_typograf_autocorrected.html
2025-06-04 00:40:58,174 - orchestrator - INFO - CORR_ID:c2f87c7f-2660-44aa-a7ba-6b3c66d87536 - [DEBUG] После этапа AutocorrectProcessorModule: meta-файл содержит: /Volumes/Store1/Yandex.Disk.localized/www-yandex/piskulin/workspace/processing/c2f87c7f-2660-44aa-a7ba-6b3c66d87536/AutocorrectProcessorModule/Былое и думы Борис Минаев Поколение Юры_final_typograf_autocorrected.html
2025-06-04 00:40:58,174 - orchestrator - INFO - CORR_ID:c2f87c7f-2660-44aa-a7ba-6b3c66d87536 - [DEBUG] Содержимое директории /Volumes/Store1/Yandex.Disk.localized/www-yandex/piskulin/workspace/processing/c2f87c7f-2660-44aa-a7ba-6b3c66d87536/AutocorrectProcessorModule: ['AutocorrectProcessorModule_SUCCESS.json', 'Былое и думы Борис Минаев Поколение Юры_final_typograf.html.bak', 'Былое и думы Борис Минаев Поколение Юры_final_typograf.html.rejected_fixes.log', 'Былое и думы Борис Минаев Поколение Юры_final_typograf_autocorrected.html']
2025-06-04 00:40:58,175 - orchestrator - INFO - CORR_ID:c2f87c7f-2660-44aa-a7ba-6b3c66d87536 - Итоговый HTML файл сохранен в: /Volumes/Store1/Yandex.Disk.localized/www-yandex/piskulin/workspace/output/Былое и думы Борис Минаев Поколение Юры_final.html
2025-06-04 00:40:58,294 - orchestrator - INFO - CORR_ID:c2f87c7f-2660-44aa-a7ba-6b3c66d87536 - Итоговый DOCX файл сохранен в: /Volumes/Store1/Yandex.Disk.localized/www-yandex/piskulin/workspace/output/Былое и думы Борис Минаев Поколение Юры_final.docx
2025-06-04 00:40:58,295 - orchestrator - INFO - CORR_ID:c2f87c7f-2660-44aa-a7ba-6b3c66d87536 - Pipeline завершён успешно. Статус сохранён: /Volumes/Store1/Yandex.Disk.localized/www-yandex/piskulin/workspace/processing/c2f87c7f-2660-44aa-a7ba-6b3c66d87536/pipeline_status.json
