Отклоненные исправления для reports/94_02_Балтин /94_02_Балтин .html:
Всего отклонено: 25

1. Оригинал: 'нежно-сиреневых' -> Предложено: 'нежно-сиреневый'
   Причина: Автоматически отклонено (категория: имена_собственные)
   Смещение: 46045, Длина: 15

2. Оригинал: 'четырёхколенки' -> Предложено: 'четырёх коленки'
   Причина: Автоматически отклонено (категория: имена_собственные)
   Смещение: 43488, Длина: 14

3. Оригинал: 'Салыч' -> Предложено: 'Палыч'
   Причина: Автоматически отклонено (категория: имена_собственные)
   Смещение: 42553, Длина: 5

4. Оригинал: 'иссуетился' -> Предложено: 'ис суетился'
   Причина: Автоматически отклонено (категория: имена_собственные)
   Смещение: 42253, Длина: 10

5. Оригинал: 'Салыч' -> Предложено: 'Палыч'
   Причина: Автоматически отклонено (категория: имена_собственные)
   Смещение: 42195, Длина: 5

6. Оригинал: 'павликиан' -> Предложено: 'павлики ан'
   Причина: Автоматически отклонено (категория: имена_собственные)
   Смещение: 40904, Длина: 9

7. Оригинал: 'павликиан' -> Предложено: 'павлики ан'
   Причина: Автоматически отклонено (категория: имена_собственные)
   Смещение: 36978, Длина: 9

8. Оригинал: 'павликиане' -> Предложено: 'павлики ане'
   Причина: Автоматически отклонено (категория: имена_собственные)
   Смещение: 34066, Длина: 10

9. Оригинал: 'непроворотен' -> Предложено: 'непроворен'
   Причина: Автоматически отклонено (категория: имена_собственные)
   Смещение: 23918, Длина: 12

10. Оригинал: 'бум-бум' -> Предложено: 'дум-дум'
   Причина: Автоматически отклонено (категория: имена_собственные)
   Смещение: 21874, Длина: 7

11. Оригинал: 'сыночкиным' -> Предложено: 'сын очкиным'
   Причина: Автоматически отклонено (категория: имена_собственные)
   Смещение: 21071, Длина: 10

12. Оригинал: 'не-тления' -> Предложено: 'нетления'
   Причина: Автоматически отклонено (категория: имена_собственные)
   Смещение: 18549, Длина: 9

13. Оригинал: 'Китоврас' -> Предложено: 'Китов рас'
   Причина: Автоматически отклонено (категория: имена_собственные)
   Смещение: 18371, Длина: 8

14. Оригинал: 'Китоврас' -> Предложено: 'Китов рас'
   Причина: Автоматически отклонено (категория: имена_собственные)
   Смещение: 17963, Длина: 8

15. Оригинал: 'Китовраса' -> Предложено: 'Китов раса'
   Причина: Автоматически отклонено (категория: имена_собственные)
   Смещение: 17803, Длина: 9

16. Оригинал: 'Китоврас' -> Предложено: 'Китов рас'
   Причина: Автоматически отклонено (категория: имена_собственные)
   Смещение: 17499, Длина: 8

17. Оригинал: 'Китоврас' -> Предложено: 'Китов рас'
   Причина: Автоматически отклонено (категория: имена_собственные)
   Смещение: 17328, Длина: 8

18. Оригинал: 'Китоврас' -> Предложено: 'Китов рас'
   Причина: Автоматически отклонено (категория: имена_собственные)
   Смещение: 16401, Длина: 8

19. Оригинал: 'Китоврас' -> Предложено: 'Китов рас'
   Причина: Автоматически отклонено (категория: имена_собственные)
   Смещение: 15416, Длина: 8

20. Оригинал: 'горбольнице' -> Предложено: 'гор больнице'
   Причина: Автоматически отклонено (категория: имена_собственные)
   Смещение: 15382, Длина: 11

21. Оригинал: 'цвиркают' -> Предложено: 'сверкают'
   Причина: Автоматически отклонено (категория: имена_собственные)
   Смещение: 14514, Длина: 8

22. Оригинал: 'Китовраса' -> Предложено: 'Китов раса'
   Причина: Автоматически отклонено (категория: имена_собственные)
   Смещение: 13943, Длина: 9

23. Оригинал: 'полуконское' -> Предложено: 'полу конское'
   Причина: Автоматически отклонено (категория: имена_собственные)
   Смещение: 13560, Длина: 11

24. Оригинал: 'Чегой-то' -> Предложено: 'Чего-то'
   Причина: Автоматически отклонено (категория: имена_собственные)
   Смещение: 10510, Длина: 8

25. Оригинал: 'музшколу' -> Предложено: 'муз школу'
   Причина: Автоматически отклонено (категория: имена_собственные)
   Смещение: 10474, Длина: 8

