Отклонённые исправления для workspace/output/interview_stage1.html:
Всего отклонено: 7

1. Оригинал: 'волонтерили' -> Предложено: 'волонтер или'
   Причина: Автоматически отклонено (категория: имена_собственные)
   Смещение: 14031, Длина: 11

2. Оригинал: 'расследователем' -> Предложено: 'рас следователем'
   Причина: Автоматически отклонено (категория: имена_собственные)
   Смещение: 12969, Длина: 15

3. Оригинал: 'обсессивно-компульсивным' -> Предложено: 'обсессивно-компульсивное'
   Причина: Автоматически отклонено (категория: имена_собственные)
   Смещение: 12453, Длина: 24

4. Оригинал: 'автогероини' -> Предложено: 'авто героини'
   Причина: Автоматически отклонено (категория: имена_собственные)
   Смещение: 12069, Длина: 11

5. Оригинал: 'таймлайны' -> Предложено: 'тайм лайны'
   Причина: Автоматически отклонено (категория: имена_собственные)
   Смещение: 10435, Длина: 9

6. Оригинал: 'шеф-редакторкой' -> Предложено: 'шеф-редактор кой'
   Причина: Автоматически отклонено (категория: имена_собственные)
   Смещение: 3306, Длина: 15

7. Оригинал: 'медиаобразования' -> Предложено: 'медиа образования'
   Причина: Автоматически отклонено (категория: имена_собственные)
   Смещение: 2922, Длина: 16

